<?xml version="1.0" encoding="UTF-8"?>
<!-- Generated by org.testng.reporters.JUnitReportReporter -->
<testsuite skipped="0" hostname="hp" name="DataBaseConnection.DataBaseConnector" tests="1" failures="0" timestamp="05 May 2019 08:41:11 GMT" time="0.085" errors="0">
  <testcase name="getEmployeesFromDataBase" time="0.085" classname="DataBaseConnection.DataBaseConnector"/>
</testsuite> <!-- DataBaseConnection.DataBaseConnector -->
