<?xml version="1.0" encoding="UTF-8"?>
<!-- Generated by org.testng.reporters.JUnitReportReporter -->
<testsuite skipped="0" hostname="hp" name="com.qa.test.DemoTest" tests="1" failures="0" timestamp="30 Oct 2018 18:53:45 GMT" time="0.012" errors="0">
  <testcase name="sum" time="0.012" classname="com.qa.test.DemoTest"/>
</testsuite> <!-- com.qa.test.DemoTest -->
