<?xml version="1.0" encoding="UTF-8"?>
<!-- Generated by org.testng.reporters.JUnitReportReporter -->
<testsuite skipped="0" hostname="hp" name="com.qa.test.DemoTest1" tests="1" failures="0" timestamp="21 May 2019 17:23:45 GMT" time="0.025" errors="0">
  <testcase name="difference" time="0.025" classname="com.qa.test.DemoTest1"/>
</testsuite> <!-- com.qa.test.DemoTest1 -->
